
Gurobi 10.0.2 (mac64[rosetta2], Python) logging started Tue Aug  8 00:15:08 2023

Set parameter Username
Set parameter LogFile to value "lin_ivlbc_7.log"
Academic license - for non-commercial use only - expires 2024-03-21
Read LP format model from file lin_ivlbc_7.lp
Reading time = 0.01 seconds
: 3473 rows, 2640 columns, 19552 nonzeros
Gurobi Optimizer version 10.0.2 build v10.0.2rc0 (mac64[rosetta2])

CPU model: Apple M2 Pro
Thread count: 12 physical cores, 12 logical processors, using up to 12 threads

Optimize a model with 3473 rows, 2640 columns and 19552 nonzeros
Model fingerprint: 0x9b5b5232
Variable types: 0 continuous, 2640 integer (2640 binary)
Coefficient statistics:
  Matrix range     [1e+00, 6e+00]
  Objective range  [1e+00, 1e+00]
  Bounds range     [1e+00, 1e+00]
  RHS range        [1e+00, 1e+00]
Presolve removed 512 rows and 1024 columns
Presolve time: 0.02s
Presolved: 2961 rows, 1616 columns, 17888 nonzeros
Variable types: 0 continuous, 1616 integer (1232 binary)
Found heuristic solution: objective 112.0000000

Root relaxation: objective 1.818182e-01, 258 iterations, 0.00 seconds (0.00 work units)

    Nodes    |    Current Node    |     Objective Bounds      |     Work
 Expl Unexpl |  Obj  Depth IntInf | Incumbent    BestBd   Gap | It/Node Time

     0     0    0.18182    0   26  112.00000    0.18182   100%     -    0s
     0     0    0.18182    0   34  112.00000    0.18182   100%     -    0s
     0     0    0.39394    0   33  112.00000    0.39394   100%     -    0s
     0     0    0.39394    0   67  112.00000    0.39394   100%     -    0s
     0     0    1.00000    0   19  112.00000    1.00000  99.1%     -    0s
     0     0    1.00000    0    6  112.00000    1.00000  99.1%     -    0s
     0     0    1.00000    0    3  112.00000    1.00000  99.1%     -    0s
     0     0    1.00000    0    3  112.00000    1.00000  99.1%     -    0s
     0     0    1.00000    0    3  112.00000    1.00000  99.1%     -    0s
     0     0    1.00000    0    3  112.00000    1.00000  99.1%     -    0s
     0     0    1.00000    0    3  112.00000    1.00000  99.1%     -    0s
     0     0    1.00000    0    4  112.00000    1.00000  99.1%     -    0s
     0     0    1.00000    0    4  112.00000    1.00000  99.1%     -    0s
     0     2    1.00000    0    4  112.00000    1.00000  99.1%     -    0s
H  205   182                      30.0000000    2.00000  93.3%  15.4    0s
H  206   182                      26.0000000    2.00000  92.3%  15.5    0s
 20314 14454    9.60000   34   32   26.00000    5.00000  80.8%  26.8    5s
 32325 23054    7.94696   26  270   26.00000    5.53385  78.7%  39.9   10s
 38350 25981   17.00000   49   58   26.00000    5.90316  77.3%  42.1   15s
 53974 32208   13.55556   46   60   26.00000    5.90316  77.3%  34.2   20s
 71951 38805    7.25000   40   23   26.00000    5.90316  77.3%  28.9   25s
 86183 43770   23.43750   77   91   26.00000    6.00000  76.9%  26.5   30s
 103444 50013   24.00000   50  104   26.00000    6.00000  76.9%  24.7   35s
 122221 60820   22.00000   94   42   26.00000    6.25000  76.0%  23.2   40s
 138686 72191 infeasible   74        26.00000    6.33333  75.6%  22.3   45s
 156037 84671   14.00000   58   69   26.00000    6.50000  75.0%  21.5   50s
 174825 97069 infeasible   55        26.00000    6.86667  73.6%  20.6   55s
 194578 110884    8.00000   40   18   26.00000    7.00000  73.1%  19.9   60s
 210112 121293 infeasible   73        26.00000    7.00000  73.1%  19.5   65s
 229170 134678   21.00000   84   36   26.00000    7.00000  73.1%  19.2   70s
 245868 146119   19.24254   60   69   26.00000    7.00000  73.1%  18.9   75s
 266184 160178   21.00000   67   70   26.00000    7.00000  73.1%  18.6   80s
 284364 172726    9.00000   39   23   26.00000    7.00000  73.1%  18.3   85s
 299957 183232   11.50000   42   47   26.00000    7.00000  73.1%  18.1   90s
 319082 195505   19.75000   44   58   26.00000    7.12179  72.6%  17.8   95s
 327731 201486    8.00000   41   48   26.00000    7.25000  72.1%  17.7  100s
 345110 214145   20.00000   66   45   26.00000    7.25000  72.1%  17.7  105s
 361549 225213   14.30189   45   52   26.00000    7.30995  71.9%  17.6  110s
 380738 238110   19.60000   50   69   26.00000    7.37346  71.6%  17.4  115s
 399301 250092   10.00000   47   52   26.00000    7.48508  71.2%  17.2  120s
 416208 261829 infeasible   63        26.00000    7.49048  71.2%  17.2  126s
 428857 271462   14.50000   60   47   26.00000    7.50000  71.2%  17.1  130s
 447754 283944 infeasible   71        26.00000    7.50000  71.2%  16.9  135s
 468702 297817   20.00000   65   78   26.00000    7.51563  71.1%  16.8  140s
 488074 310979   14.00000   58   56   26.00000    7.60000  70.8%  16.7  145s
 507675 324754   16.18519   60   38   26.00000    7.66667  70.5%  16.6  150s
 523658 335927   19.00000   67   34   26.00000    7.75000  70.2%  16.6  155s
 541176 348847   15.00000   46   55   26.00000    7.83607  69.9%  16.6  160s
 560819 362773   12.00000   49   44   26.00000    7.98855  69.3%  16.5  165s
 578036 374302   24.00000   67   83   26.00000    8.00000  69.2%  16.5  170s
 598423 387923   23.00000   66   79   26.00000    8.00000  69.2%  16.4  175s
 616601 399585   23.00000   65   36   26.00000    8.00000  69.2%  16.3  180s
 632432 410781    9.75000   47   71   26.00000    8.00000  69.2%  16.3  185s
 652737 424915   15.54667   50   58   26.00000    8.00000  69.2%  16.2  190s
 672980 438897   18.00000   69   76   26.00000    8.00000  69.2%  16.1  195s
 693116 451354 infeasible   75        26.00000    8.00000  69.2%  16.1  200s
 708558 462619   17.00000   56   54   26.00000    8.00000  69.2%  16.0  205s
 725787 474007   21.10000   83   64   26.00000    8.00000  69.2%  16.0  210s
 745608 487750   22.00000   76   55   26.00000    8.00000  69.2%  16.0  215s
 765578 500850   23.33333   72   82   26.00000    8.00000  69.2%  15.9  220s
 785112 514149 infeasible   77        26.00000    8.00000  69.2%  15.9  225s
 805046 527037 infeasible   82        26.00000    8.00000  69.2%  15.8  230s
 825006 540957   16.00000   54   66   26.00000    8.00000  69.2%  15.8  235s
 842994 554057   14.83333   50   52   26.00000    8.00000  69.2%  15.8  240s
 861304 566597   16.00000   61   54   26.00000    8.00000  69.2%  15.8  245s
 880739 578953   10.00000   47   18   26.00000    8.00000  69.2%  15.7  250s
 900320 592243   12.00000   49   32   26.00000    8.00000  69.2%  15.7  255s
 915952 603587   17.48508   74   66   26.00000    8.00000  69.2%  15.7  260s
 935757 616565   24.00000   94   24   26.00000    8.00000  69.2%  15.7  265s
 954367 628726   21.50000   68   51   26.00000    8.00000  69.2%  15.6  270s
 972482 640813   18.50000   65   63   26.00000    8.03270  69.1%  15.6  275s
 991844 654439 infeasible   85        26.00000    8.08333  68.9%  15.6  280s
 1011220 666119 infeasible   89        26.00000    8.16170  68.6%  15.6  285s
 1028542 678395 infeasible   82        26.00000    8.25000  68.3%  15.6  290s
 1047044 691455   21.00000   69   67   26.00000    8.25000  68.3%  15.6  295s
 1064987 703428 infeasible   60        26.00000    8.25000  68.3%  15.5  300s
 1084584 716092   23.33333   66   72   26.00000    8.25000  68.3%  15.5  305s
 1102338 727735   19.00000   56   63   26.00000    8.25000  68.3%  15.5  310s
 1118716 739710   16.00000   58   64   26.00000    8.25000  68.3%  15.5  315s
 1137599 751779   15.50000   48   64   26.00000    8.29018  68.1%  15.5  320s
 1156386 764681   21.00000   60   70   26.00000    8.31842  68.0%  15.4  325s
 1174542 777669   10.00000   49   47   26.00000    8.33333  67.9%  15.5  330s
 1194883 791601   20.00000   80   38   26.00000    8.33333  67.9%  15.5  335s
 1212929 803615   13.00000   50   45   26.00000    8.35714  67.9%  15.4  340s
 1233197 817228   23.00000   61  102   26.00000    8.40634  67.7%  15.4  345s
 1243891 823789   24.00000   86   56   26.00000    8.43353  67.6%  15.4  350s
 1262968 837927   12.00000   52   19   26.00000    8.44512  67.5%  15.4  355s
 1282100 851056   23.74687   65  107   26.00000    8.48508  67.4%  15.4  360s
 1302258 864434   24.00000   67   62   26.00000    8.48508  67.4%  15.4  365s
 1320939 877313   24.00000   65   75   26.00000    8.48561  67.4%  15.4  370s
 1340035 890310   23.25000   78   73   26.00000    8.49452  67.3%  15.4  375s
 1357850 902912   24.00000   72   61   26.00000    8.50000  67.3%  15.4  380s
 1376805 916306   22.00000   78   73   26.00000    8.50000  67.3%  15.4  385s
 1395546 928827   23.58333   71   94   26.00000    8.50000  67.3%  15.4  390s
 1411191 939569   20.86111   71   51   26.00000    8.50000  67.3%  15.4  395s
 1424741 948923   14.00000   52   52   26.00000    8.50000  67.3%  15.4  400s
 1440194 959858 infeasible   82        26.00000    8.50000  67.3%  15.4  405s
 1456818 971462   22.48508   68   86   26.00000    8.50000  67.3%  15.4  410s
 1473650 982757 infeasible   65        26.00000    8.50000  67.3%  15.4  415s
 1491355 995000 infeasible  104        26.00000    8.50000  67.3%  15.4  420s
 1509984 1007016   24.00000   88   90   26.00000    8.51492  67.3%  15.3  425s
 1528444 1018782   21.25000   80   49   26.00000    8.54839  67.1%  15.3  430s
 1546414 1030425   22.00000   73   58   26.00000    8.55556  67.1%  15.3  435s
 1566481 1043550   22.25000   79   65   26.00000    8.58333  67.0%  15.3  440s
 1580727 1052792   23.00000   72   52   26.00000    8.60000  66.9%  15.3  445s
 1598990 1065843   21.00000   71   62   26.00000    8.62500  66.8%  15.3  450s
 1618236 1079025   23.00000   77   83   26.00000    8.66667  66.7%  15.3  455s
 1635318 1090199   19.00000   59   57   26.00000    8.67121  66.6%  15.3  460s
 1654632 1103263   19.25000   55   51   26.00000    8.70909  66.5%  15.3  465s
 1672943 1115800   23.55556   65   82   26.00000    8.75000  66.3%  15.3  470s
 1692222 1128539   10.33333   46   73   26.00000    8.77273  66.3%  15.3  475s
 1711984 1141520   24.00000   72   74   26.00000    8.83333  66.0%  15.3  480s
 1727008 1152254   20.33333   64   69   26.00000    8.85057  66.0%  15.3  485s
 1745857 1164572   12.00000   57   33   26.00000    8.90566  65.7%  15.3  490s
 1764931 1177745   19.00000   80   20   26.00000    8.97016  65.5%  15.3  495s
 1781282 1189299   22.50000   77   80   26.00000    8.98508  65.4%  15.3  500s
 1799044 1201246   23.33333   72  112   26.00000    9.00000  65.4%  15.3  505s
 1812519 1210345   14.00000   49   56   26.00000    9.00000  65.4%  15.3  510s
 1832432 1222457   16.25000   54   50   26.00000    9.00000  65.4%  15.2  515s
 1850914 1234040   14.00000   57   31   26.00000    9.00000  65.4%  15.2  520s
 1869153 1245912   11.33333   45   49   26.00000    9.00000  65.4%  15.2  525s
 1887713 1258226   17.11905   77   75   26.00000    9.00000  65.4%  15.2  530s
 1907287 1271538     cutoff   74        26.00000    9.00000  65.4%  15.2  535s
 1925570 1282936    9.33333   40   62   26.00000    9.00000  65.4%  15.2  540s
 1945582 1296608   24.00000   80   74   26.00000    9.00000  65.4%  15.2  545s
 1963717 1309339   19.58333   67   45   26.00000    9.00000  65.4%  15.2  550s
 1978639 1319764   14.00000   56   46   26.00000    9.00000  65.4%  15.2  555s
 1995937 1330302   23.00000   73   57   26.00000    9.00000  65.4%  15.2  560s
 2014257 1342586     cutoff   54        26.00000    9.00000  65.4%  15.2  565s
 2032448 1354147   15.25000   53   50   26.00000    9.00000  65.4%  15.2  570s
 2050559 1366393   19.00000   60   61   26.00000    9.00000  65.4%  15.2  575s
 2067676 1377870   15.80000   52   65   26.00000    9.00000  65.4%  15.2  580s
 2085843 1389728   12.25000   55   26   26.00000    9.00000  65.4%  15.2  585s
 2104491 1402550   24.00000   66   61   26.00000    9.00000  65.4%  15.2  590s
 2121737 1414540   23.00000   61   58   26.00000    9.00000  65.4%  15.2  595s
 2138678 1425733   19.00000   59   36   26.00000    9.00000  65.4%  15.2  600s
 2159179 1438795   20.50000   52   72   26.00000    9.00000  65.4%  15.2  605s
 2176348 1451119   21.00000   53   46   26.00000    9.00000  65.4%  15.2  610s
 2189888 1459106   11.48508   53   59   26.00000    9.00000  65.4%  15.2  615s
 2204224 1469545   20.00000   67   67   26.00000    9.00000  65.4%  15.2  620s
 2223982 1482905   16.00000   55   59   26.00000    9.00000  65.4%  15.2  625s
 2241994 1494888 infeasible   72        26.00000    9.00000  65.4%  15.2  630s
 2261007 1507128   19.00000   69   62   26.00000    9.00000  65.4%  15.2  635s
 2277553 1517838   14.50000   62   36   26.00000    9.00000  65.4%  15.2  640s
 2295612 1530055   16.00000   53   52   26.00000    9.00000  65.4%  15.2  645s
 2315468 1542564   14.00000   48   61   26.00000    9.00000  65.4%  15.2  650s
 2334119 1554394    9.31173   41   70   26.00000    9.00000  65.4%  15.2  655s
 2352525 1566664   14.00000   54   34   26.00000    9.00000  65.4%  15.2  660s
 2368781 1576798   11.00000   52   37   26.00000    9.00000  65.4%  15.2  665s
 2386125 1589843   23.33333   71   83   26.00000    9.00000  65.4%  15.2  670s
 2404551 1602213   21.33696   65   56   26.00000    9.00000  65.4%  15.2  675s
 2424422 1615837   11.25000   52   58   26.00000    9.00000  65.4%  15.2  680s
 2442877 1628357   24.00000   57   93   26.00000    9.00000  65.4%  15.2  685s
 2455090 1635438   21.00000   80   61   26.00000    9.00000  65.4%  15.2  690s
 2470387 1647348   22.50000   64   72   26.00000    9.00000  65.4%  15.2  695s
 2488817 1660131   23.83170   70   87   26.00000    9.00000  65.4%  15.2  700s
 2508700 1673904    9.48855   46   33   26.00000    9.00000  65.4%  15.2  705s
 2524840 1685444   14.00000   62   50   26.00000    9.00000  65.4%  15.2  710s
 2544875 1698966   15.48508   58   64   26.00000    9.00000  65.4%  15.2  715s
 2562797 1710894   22.00000   62   65   26.00000    9.00000  65.4%  15.2  720s
 2572404 1723839   24.00000   64   60   26.00000    9.00000  65.4%  15.2  728s
 2588662 1728231   13.00000   56   50   26.00000    9.00000  65.4%  15.2  730s
 2607103 1741241 infeasible   83        26.00000    9.00000  65.4%  15.2  735s
 2625384 1753268   11.00000   47   37   26.00000    9.00000  65.4%  15.2  740s
 2644501 1766460   10.98701   45   43   26.00000    9.00000  65.4%  15.2  745s
 2661061 1777927   19.00000   68   20   26.00000    9.00000  65.4%  15.2  750s
 2679425 1789829   24.00000   81   26   26.00000    9.00000  65.4%  15.2  755s
 2694851 1800350   20.00000   66   59   26.00000    9.00000  65.4%  15.2  760s
 2713834 1812644   11.00000   46   54   26.00000    9.00000  65.4%  15.2  765s
 2729582 1823138   16.00000   59   59   26.00000    9.00000  65.4%  15.2  770s
 2750755 1837020   14.00000   59   54   26.00000    9.00000  65.4%  15.2  775s
 2763833 1846380   22.57534   80   73   26.00000    9.00000  65.4%  15.2  780s
 2782968 1859182 infeasible   82        26.00000    9.00000  65.4%  15.2  785s
 2802911 1872918   18.40909   68   75   26.00000    9.00000  65.4%  15.2  790s
 2821260 1885387   20.00000   66   27   26.00000    9.00000  65.4%  15.2  795s
 2839945 1897897   21.00000   75   47   26.00000    9.00000  65.4%  15.2  800s
 2858134 1910652   11.00000   46   24   26.00000    9.00000  65.4%  15.2  805s
 2874710 1921085   11.50000   49   40   26.00000    9.00000  65.4%  15.2  811s
 2889374 1931953   23.94231   58   69   26.00000    9.00000  65.4%  15.2  815s
 2907782 1944637   13.00000   54   44   26.00000    9.00000  65.4%  15.2  820s
 2924652 1957034   18.00000   59   50   26.00000    9.00000  65.4%  15.2  825s
 2943651 1970149   16.00000   71   32   26.00000    9.00000  65.4%  15.2  830s
 2960761 1981916   14.72762   56   89   26.00000    9.00000  65.4%  15.2  835s
 2978847 1994365   21.00000   70   57   26.00000    9.00000  65.4%  15.2  840s
 2998598 2007533   19.50000   80   58   26.00000    9.00000  65.4%  15.2  845s
 3016718 2020056   13.00000   43   53   26.00000    9.00000  65.4%  15.2  850s
 3031989 2030358 infeasible   62        26.00000    9.00000  65.4%  15.2  855s
 3050225 2042488   20.37179   76  102   26.00000    9.00000  65.4%  15.2  860s
 3067950 2054605   10.50000   40   40   26.00000    9.00000  65.4%  15.2  865s
 3084416 2065539   16.50000   52   59   26.00000    9.00000  65.4%  15.2  870s
 3102127 2077564 infeasible   77        26.00000    9.00000  65.4%  15.2  875s
 3120784 2090650   18.00000   67   54   26.00000    9.00000  65.4%  15.2  880s
 3139107 2102151     cutoff   88        26.00000    9.00000  65.4%  15.2  885s
 3157346 2113524   16.00000   58   51   26.00000    9.00000  65.4%  15.2  890s
H3157605 1825081                      23.0000000    9.00000  60.9%  15.2  890s
 3173237 1835593   16.78869   53   71   23.00000    9.00000  60.9%  15.2  895s
 3189421 1845650   12.00000   40   57   23.00000    9.00000  60.9%  15.2  900s
 3207787 1857385 infeasible   60        23.00000    9.00000  60.9%  15.2  905s
 3228155 1869279   20.00000   55   48   23.00000    9.00000  60.9%  15.2  910s
 3242840 1878700   13.10000   53   35   23.00000    9.00000  60.9%  15.2  915s
 3261088 1889643   14.37500   46   55   23.00000    9.01020  60.8%  15.2  920s
 3277369 1899879   14.00000   59   43   23.00000    9.03333  60.7%  15.2  925s
 3294064 1910074   13.50000   55   41   23.00000    9.05000  60.7%  15.2  930s
 3312898 1921500    9.33333   44   44   23.00000    9.06250  60.6%  15.2  935s
 3329047 1931622   13.40000   59   50   23.00000    9.08333  60.5%  15.2  940s
 3346640 1941818   14.00000   49   72   23.00000    9.10870  60.4%  15.2  945s
 3365800 1953349   15.25000   54   59   23.00000    9.12500  60.3%  15.2  950s
 3383980 1964271   11.00000   50   36   23.00000    9.15758  60.2%  15.2  955s
 3398662 1972734 infeasible   80        23.00000    9.18056  60.1%  15.2  960s
 3414997 1983473   10.00000   47   37   23.00000    9.21053  60.0%  15.2  965s
 3433545 1994313   20.00000   62   44   23.00000    9.25000  59.8%  15.2  970s
 3452137 2005640   19.00000   68   67   23.00000    9.25000  59.8%  15.2  975s
 3471494 2017644   17.25000   54   51   23.00000    9.25000  59.8%  15.2  980s
 3489848 2028849   20.25000   70   81   23.00000    9.25000  59.8%  15.1  985s
 3504814 2038078    9.25000   47   54   23.00000    9.25000  59.8%  15.2  990s
 3520555 2047950 infeasible   65        23.00000    9.25000  59.8%  15.2  995s
 3538621 2058296   15.00000   70   40   23.00000    9.25000  59.8%  15.2 1000s
 3555826 2068363   21.00000   70   46   23.00000    9.25000  59.8%  15.2 1005s
 3573440 2079221 infeasible   81        23.00000    9.25000  59.8%  15.1 1010s
 3592550 2090098   17.00000   71   65   23.00000    9.25000  59.8%  15.1 1015s
 3611335 2101582   15.00000   64   59   23.00000    9.25000  59.8%  15.1 1020s
 3626380 2111216   21.00000   57   44   23.00000    9.25000  59.8%  15.1 1025s
 3644229 2122925 infeasible   69        23.00000    9.25000  59.8%  15.2 1030s
 3662382 2133912   14.00000   53   50   23.00000    9.25000  59.8%  15.2 1035s
 3678239 2143627 infeasible   86        23.00000    9.25000  59.8%  15.1 1040s
 3696679 2155441   15.42308   56   88   23.00000    9.25000  59.8%  15.1 1045s
 3715545 2166532    9.50000   58   26   23.00000    9.25000  59.8%  15.1 1050s
 3733805 2177273   14.25000   50   60   23.00000    9.27027  59.7%  15.1 1055s
 3751566 2188122 infeasible   60        23.00000    9.28571  59.6%  15.1 1060s
 3766711 2197864   19.00000   63   63   23.00000    9.29683  59.6%  15.1 1065s
 3785184 2207901   20.00000   66   66   23.00000    9.29987  59.6%  15.1 1070s
 3804067 2219276   16.00000   62   60   23.00000    9.30769  59.5%  15.1 1075s
 3821554 2229337     cutoff   75        23.00000    9.32738  59.4%  15.1 1080s
 3840446 2240862   20.50000   68   64   23.00000    9.33333  59.4%  15.1 1085s
 3852721 2247894   21.00000   63   71   23.00000    9.33333  59.4%  15.1 1090s
 3869227 2258210   21.00000   64   85   23.00000    9.33333  59.4%  15.1 1095s
 3888175 2269129   16.72762   63   77   23.00000    9.33333  59.4%  15.1 1100s
 3906552 2279731   21.00000   78   61   23.00000    9.33333  59.4%  15.1 1105s
 3924416 2290490   17.25000   51   64   23.00000    9.33333  59.4%  15.1 1110s
 3942298 2301183   12.00000   50   45   23.00000    9.33333  59.4%  15.1 1115s
 3961899 2313037   14.00000   47   76   23.00000    9.33333  59.4%  15.1 1120s
 3979779 2323854 infeasible   60        23.00000    9.33881  59.4%  15.1 1125s
 3995725 2332966   13.83333   62   64   23.00000    9.36403  59.3%  15.1 1130s
 4013380 2343017 infeasible   47        23.00000    9.37500  59.2%  15.1 1135s
 4025052 2349984   14.00000   45   42   23.00000    9.38178  59.2%  15.1 1140s
 4042370 2359999   17.55853   54  108   23.00000    9.40769  59.1%  15.1 1145s
 4061288 2370556   21.00000   78   67   23.00000    9.42857  59.0%  15.1 1150s
 4079260 2381447   20.25000   63   86   23.00000    9.43353  59.0%  15.1 1155s
 4097905 2393621   11.00000   53   33   23.00000    9.44231  58.9%  15.1 1160s
 4116183 2404490 infeasible   69        23.00000    9.46429  58.9%  15.1 1165s
 4133920 2414656   20.70833   64   96   23.00000    9.48148  58.8%  15.1 1170s
 4152594 2426851   20.25000   58   53   23.00000    9.48508  58.8%  15.1 1175s
 4170370 2437534   21.00000   66   77   23.00000    9.48508  58.8%  15.1 1180s
 4188566 2448913   15.00000   58   43   23.00000    9.48508  58.8%  15.1 1185s
 4206310 2460022   14.00000   57   50   23.00000    9.48508  58.8%  15.1 1190s
 4225794 2471952   15.00000   59   65   23.00000    9.48508  58.8%  15.1 1195s
 4244215 2483138   12.00000   57   50   23.00000    9.48682  58.8%  15.1 1200s
 4260957 2493483 infeasible   75        23.00000    9.49048  58.7%  15.1 1205s
 4273387 2500521   11.33333   44   50   23.00000    9.49170  58.7%  15.1 1211s
 4286211 2509055   21.00000   82   36   23.00000    9.49452  58.7%  15.1 1215s
 4301345 2518817   11.25000   50   44   23.00000    9.50000  58.7%  15.1 1220s
 4316910 2528793 infeasible   64        23.00000    9.50000  58.7%  15.1 1225s
 4330871 2536686   12.25000   41   72   23.00000    9.50000  58.7%  15.1 1230s
 4347658 2547023   12.33333   48   47   23.00000    9.50000  58.7%  15.1 1235s
 4365038 2557599     cutoff   84        23.00000    9.50000  58.7%  15.1 1240s
 4384943 2569035   14.25000   50   42   23.00000    9.50000  58.7%  15.1 1245s
 4401442 2578783   14.00000   52   49   23.00000    9.50000  58.7%  15.1 1250s
 4419631 2590110   14.00000   46   33   23.00000    9.50000  58.7%  15.1 1255s
 4439089 2601697   13.48508   46   58   23.00000    9.50000  58.7%  15.1 1260s
 4457230 2612594   13.48508   48   66   23.00000    9.50000  58.7%  15.1 1265s
 4468576 2619595   14.97016   53   45   23.00000    9.50000  58.7%  15.1 1270s
 4484431 2629095   14.25000   63   42   23.00000    9.50000  58.7%  15.1 1275s
 4502909 2640241   13.00000   55   52   23.00000    9.50000  58.7%  15.1 1280s
 4519695 2650722   21.00000   71   68   23.00000    9.50000  58.7%  15.1 1285s
 4538451 2661803   13.00000   49   37   23.00000    9.50000  58.7%  15.1 1290s
 4555867 2672249   21.00000  104   51   23.00000    9.50000  58.7%  15.1 1295s
 4574139 2683485     cutoff   79        23.00000    9.50000  58.7%  15.1 1300s
 4591997 2694770 infeasible   59        23.00000    9.50000  58.7%  15.1 1305s
 4608192 2704700   13.00000   60   48   23.00000    9.50000  58.7%  15.1 1310s
 4626292 2715891   17.25000   54   75   23.00000    9.50000  58.7%  15.1 1315s
 4644925 2726711   18.71429   65   85   23.00000    9.50000  58.7%  15.1 1320s
 4660380 2735126   19.33333   69   59   23.00000    9.50000  58.7%  15.1 1325s
 4676790 2744810   12.00000   49   51   23.00000    9.50980  58.7%  15.1 1330s
 4695528 2755710 infeasible   59        23.00000    9.52381  58.6%  15.1 1335s
 4713276 2766476   16.00000   58   54   23.00000    9.53794  58.5%  15.1 1340s
 4730306 2777026 infeasible   74        23.00000    9.54839  58.5%  15.1 1345s
 4747489 2786800   15.31173   66   73   23.00000    9.55208  58.5%  15.1 1350s
 4764541 2797530   12.25000   50   62   23.00000    9.55556  58.5%  15.1 1355s
 4782957 2808552   20.28235   66   72   23.00000    9.55727  58.4%  15.1 1360s
 4797970 2817522 infeasible   66        23.00000    9.57143  58.4%  15.1 1365s
 4815327 2827391   12.00000   51   40   23.00000    9.58333  58.3%  15.1 1370s
 4829039 2834974   13.00000   44   45   23.00000    9.58333  58.3%  15.1 1375s
 4846577 2845945   16.00000   62   66   23.00000    9.58654  58.3%  15.1 1380s
 4865023 2856437   18.00000   62   55   23.00000    9.60000  58.3%  15.1 1385s
 4883700 2867807     cutoff   68        23.00000    9.61000  58.2%  15.1 1390s
 4901293 2877811   19.00000   63   57   23.00000    9.62346  58.2%  15.1 1395s
 4919899 2888030   18.33333   60   70   23.00000    9.63043  58.1%  15.1 1400s
 4932508 2895179   21.00000   53   46   23.00000    9.64506  58.1%  15.1 1405s
 4949162 2905665   16.00000   76   57   23.00000    9.66071  58.0%  15.1 1410s
 4968183 2916482   12.33333   52   41   23.00000    9.66667  58.0%  15.1 1415s
 4986263 2927231    9.98864   44   58   23.00000    9.66667  58.0%  15.1 1420s
 5004212 2937220   21.00000   58   77   23.00000    9.67813  57.9%  15.1 1425s
 5021223 2947208   17.25000   58   49   23.00000    9.69444  57.9%  15.1 1430s
 5039462 2957967   11.00000   54   32   23.00000    9.71429  57.8%  15.1 1435s
 5056511 2968168   21.00000   66   84   23.00000    9.72222  57.7%  15.1 1440s
 5074106 2978180   10.25000   44   29   23.00000    9.74383  57.6%  15.1 1445s
 5091212 2988448   16.12500   50  115   23.00000    9.75000  57.6%  15.1 1450s
 5110453 2999450   14.00000   49   58   23.00000    9.75000  57.6%  15.1 1455s
 5127237 3009856   21.00000   66   56   23.00000    9.77253  57.5%  15.1 1460s
 5141062 3017855   13.13889   50   77   23.00000    9.78145  57.5%  15.1 1465s
 5159281 3028778   13.25000   56   66   23.00000    9.79683  57.4%  15.1 1470s
 5177123 3038875   10.33333   43   58   23.00000    9.82143  57.3%  15.1 1475s
 5193660 3049097   14.00000   49   47   23.00000    9.83333  57.2%  15.1 1480s
 5209929 3058986   14.04762   53   57   23.00000    9.83333  57.2%  15.1 1485s
 5227780 3069056   16.00000   62   47   23.00000    9.84615  57.2%  15.1 1490s
 5245478 3079294   21.00000   63   57   23.00000    9.87179  57.1%  15.1 1495s
 5263017 3089135   12.00000   56   13   23.00000    9.88889  57.0%  15.1 1501s
 5276339 3097381 infeasible   51        23.00000    9.90566  56.9%  15.1 1505s
 5293943 3107810   12.29167   52   54   23.00000    9.92641  56.8%  15.1 1510s
 5312331 3117963   12.00000   55   30   23.00000    9.94643  56.8%  15.1 1515s
 5329855 3128820   16.00000   54   58   23.00000    9.97016  56.7%  15.1 1520s
 5347260 3139055   19.00000   65   34   23.00000    9.97500  56.6%  15.1 1525s
 5364810 3149150   15.00000   58   40   23.00000    9.98508  56.6%  15.1 1530s
 5374965 3155463   18.00000   56   54   23.00000    9.98508  56.6%  15.1 1535s
 5391603 3165491   16.00000   60   53   23.00000   10.00000  56.5%  15.1 1540s
 5407287 3175288   15.33333   50   44   23.00000   10.00000  56.5%  15.1 1545s
 5426822 3187424   19.44444   82   44   23.00000   10.00000  56.5%  15.1 1550s
 5443317 3196958 infeasible   62        23.00000   10.00000  56.5%  15.1 1555s
 5460973 3208454   18.00000   63   60   23.00000   10.00000  56.5%  15.1 1560s
 5479562 3219663   18.62346   66   61   23.00000   10.00000  56.5%  15.1 1565s
 5498055 3231064   17.48508   68   46   23.00000   10.00000  56.5%  15.1 1570s
 5516386 3242024 infeasible   77        23.00000   10.00000  56.5%  15.1 1575s
 5533818 3252037   15.00000   66   51   23.00000   10.00000  56.5%  15.1 1580s
 5549440 3262499   20.25000   86   46   23.00000   10.00000  56.5%  15.1 1585s
 5567437 3273411   15.00000   57   56   23.00000   10.00000  56.5%  15.1 1590s
 5585795 3284445   14.00000   58   28   23.00000   10.00000  56.5%  15.1 1595s
 5603956 3295776   21.00000   74   70   23.00000   10.00000  56.5%  15.1 1600s
 5619363 3304838     cutoff   74        23.00000   10.00000  56.5%  15.1 1605s
 5636145 3314686   14.87052   70  107   23.00000   10.00000  56.5%  15.1 1610s
 5653647 3325924   11.00000   52   28   23.00000   10.00000  56.5%  15.1 1615s
 5672241 3337180   11.50000   48   28   23.00000   10.00000  56.5%  15.1 1620s
 5689261 3346944   21.00000   76   47   23.00000   10.00000  56.5%  15.1 1625s
 5700882 3354087 infeasible   72        23.00000   10.00000  56.5%  15.1 1630s
 5718881 3364288 infeasible   64        23.00000   10.00000  56.5%  15.1 1635s
 5736188 3374433   16.72000   75   55   23.00000   10.00000  56.5%  15.1 1640s
 5753498 3383646   13.25000   63   41   23.00000   10.00000  56.5%  15.1 1645s
 5768576 3393863   15.26667   50   83   23.00000   10.00000  56.5%  15.1 1650s
 5787367 3404646   17.00000   76   75   23.00000   10.00000  56.5%  15.1 1655s
 5805380 3415040 infeasible   83        23.00000   10.00000  56.5%  15.1 1660s
 5823199 3425811   15.49351   52   62   23.00000   10.00000  56.5%  15.1 1665s
 5841502 3436282   14.00000   56   40   23.00000   10.00000  56.5%  15.1 1670s
 5859893 3447875   17.00000   62   57   23.00000   10.00000  56.5%  15.1 1675s
 5878014 3457807 infeasible   59        23.00000   10.00000  56.5%  15.1 1680s
 5895887 3469164   21.00000   54   61   23.00000   10.00000  56.5%  15.1 1685s
 5914022 3479486   15.25000   52   69   23.00000   10.00000  56.5%  15.1 1690s
 5930471 3489221   20.00000   64   79   23.00000   10.00000  56.5%  15.1 1695s
 5949228 3501198 infeasible   75        23.00000   10.00000  56.5%  15.1 1700s
 5967180 3511737   11.83333   50   56   23.00000   10.00000  56.5%  15.1 1705s
 5978657 3518678   19.00000   75   29   23.00000   10.00000  56.5%  15.1 1710s
 5995396 3528697   21.00000   69   86   23.00000   10.00000  56.5%  15.1 1715s
 6013435 3539386   13.50000   43   70   23.00000   10.00000  56.5%  15.1 1720s
 6030209 3549008   16.00000   53   40   23.00000   10.00000  56.5%  15.1 1725s
 6048150 3560142   21.00000   76   72   23.00000   10.00000  56.5%  15.1 1730s
 6065840 3570721     cutoff   70        23.00000   10.00000  56.5%  15.1 1735s
 6083858 3581037   16.08537   62   65   23.00000   10.00000  56.5%  15.1 1740s
 6099403 3590342   21.00000   60   40   23.00000   10.00000  56.5%  15.2 1745s
 6115061 3599545   14.48508   58   56   23.00000   10.00000  56.5%  15.2 1750s

Cutting planes:
  Gomory: 17
  Lift-and-project: 5
  Cover: 34
  Implied bound: 38
  Clique: 15
  MIR: 28
  Flow cover: 36
  GUB cover: 3
  Inf proof: 4
  Zero half: 37
  RLT: 2
  Relax-and-lift: 16

Explored 6124658 nodes (92779532 simplex iterations) in 1752.19 seconds (2759.22 work units)
Thread count was 12 (of 12 available processors)

Solution count 4: 23 26 30 112 

Solve interrupted
Best objective 2.300000000000e+01, best bound 1.000000000000e+01, gap 56.5217%
